<?xml version="1.0" encoding="UTF-8"?>
<!-- Generated by org.testng.reporters.JUnitReportReporter -->
<testsuite skipped="0" hostname="Shrivathsas-MacBook-Pro.local" name="com.branch.qa.testcases.GooglePageTest" tests="1" failures="0" timestamp="11 May 2018 02:33:22 GMT" time="7.823" errors="0">
  <testcase name="navigateBranchTest" time="7.823" classname="com.branch.qa.testcases.GooglePageTest"/>
</testsuite> <!-- com.branch.qa.testcases.GooglePageTest -->
